<?xml version="1.0" encoding="UTF-8"?>
<!-- Generated by org.testng.reporters.JUnitReportReporter -->
<testsuite hostname="DESKTOP-UCLQT20" failures="0" tests="1" name="Products2.CreateProductsTest" time="42.086" errors="0" timestamp="2024-09-10T20:00:24 IST" skipped="0">
  <testcase classname="Products2.CreateProductsTest" name="CreateProducts2Test" time="42.086"/>
  <system-out/>
</testsuite> <!-- Products2.CreateProductsTest -->
