<?xml version="1.0" encoding="UTF-8"?>
<!-- Generated by org.testng.reporters.JUnitReportReporter -->
<testsuite hostname="DESKTOP-UCLQT20" failures="0" tests="1" name="Products2.CreateProducts2Test" time="9.682" errors="0" timestamp="2024-09-10T11:47:32 IST" skipped="0">
  <testcase classname="Products2.CreateProducts2Test" name="CreateProducts2Test" time="9.682"/>
  <system-out/>
</testsuite> <!-- Products2.CreateProducts2Test -->
